2023/01/16 16:59:38 [notice] 1#1: using the "epoll" event method
2023/01/16 16:59:38 [notice] 1#1: nginx/1.23.3
2023/01/16 16:59:38 [notice] 1#1: built by gcc 12.2.1 20220924 (Alpine 12.2.1_git20220924-r4) 
2023/01/16 16:59:38 [notice] 1#1: OS: Linux 5.10.102.1-microsoft-standard-WSL2
2023/01/16 16:59:38 [notice] 1#1: getrlimit(RLIMIT_NOFILE): 1048576:1048576
2023/01/16 16:59:38 [notice] 1#1: start worker processes
2023/01/16 16:59:38 [notice] 1#1: start worker process 20
2023/01/16 16:59:38 [notice] 1#1: start worker process 21
2023/01/16 16:59:38 [notice] 1#1: start worker process 22
2023/01/16 16:59:38 [notice] 1#1: start worker process 23
2023/01/16 16:59:38 [notice] 1#1: start worker process 24
2023/01/16 16:59:38 [notice] 1#1: start worker process 25
2023/01/16 16:59:38 [notice] 1#1: start worker process 26
2023/01/16 16:59:38 [notice] 1#1: start worker process 27
2023/01/16 17:00:27 [notice] 1#1: signal 3 (SIGQUIT) received, shutting down
2023/01/16 17:00:27 [notice] 20#20: gracefully shutting down
2023/01/16 17:00:27 [notice] 21#21: gracefully shutting down
2023/01/16 17:00:27 [notice] 22#22: gracefully shutting down
2023/01/16 17:00:27 [notice] 23#23: gracefully shutting down
2023/01/16 17:00:27 [notice] 24#24: gracefully shutting down
2023/01/16 17:00:27 [notice] 24#24: exiting
2023/01/16 17:00:27 [notice] 25#25: gracefully shutting down
2023/01/16 17:00:27 [notice] 26#26: gracefully shutting down
2023/01/16 17:00:27 [notice] 27#27: gracefully shutting down
2023/01/16 17:00:27 [notice] 21#21: exiting
2023/01/16 17:00:27 [notice] 22#22: exiting
2023/01/16 17:00:27 [notice] 23#23: exiting
2023/01/16 17:00:27 [notice] 20#20: exiting
2023/01/16 17:00:27 [notice] 23#23: exit
2023/01/16 17:00:27 [notice] 25#25: exiting
2023/01/16 17:00:27 [notice] 24#24: exit
2023/01/16 17:00:27 [notice] 26#26: exiting
2023/01/16 17:00:27 [notice] 27#27: exiting
2023/01/16 17:00:27 [notice] 21#21: exit
2023/01/16 17:00:27 [notice] 22#22: exit
2023/01/16 17:00:27 [notice] 20#20: exit
2023/01/16 17:00:27 [notice] 25#25: exit
2023/01/16 17:00:27 [notice] 26#26: exit
2023/01/16 17:00:27 [notice] 27#27: exit
2023/01/16 17:00:28 [notice] 1#1: signal 17 (SIGCHLD) received from 20
2023/01/16 17:00:28 [notice] 1#1: worker process 20 exited with code 0
2023/01/16 17:00:28 [notice] 1#1: signal 29 (SIGIO) received
2023/01/16 17:00:28 [notice] 1#1: signal 17 (SIGCHLD) received from 23
2023/01/16 17:00:28 [notice] 1#1: worker process 23 exited with code 0
2023/01/16 17:00:28 [notice] 1#1: signal 29 (SIGIO) received
2023/01/16 17:00:28 [notice] 1#1: signal 17 (SIGCHLD) received from 21
2023/01/16 17:00:28 [notice] 1#1: worker process 21 exited with code 0
2023/01/16 17:00:28 [notice] 1#1: worker process 24 exited with code 0
2023/01/16 17:00:28 [notice] 1#1: worker process 25 exited with code 0
2023/01/16 17:00:28 [notice] 1#1: signal 29 (SIGIO) received
2023/01/16 17:00:28 [notice] 1#1: signal 17 (SIGCHLD) received from 22
2023/01/16 17:00:28 [notice] 1#1: worker process 22 exited with code 0
2023/01/16 17:00:28 [notice] 1#1: signal 29 (SIGIO) received
2023/01/16 17:00:28 [notice] 1#1: signal 17 (SIGCHLD) received from 26
2023/01/16 17:00:28 [notice] 1#1: worker process 26 exited with code 0
2023/01/16 17:00:28 [notice] 1#1: signal 29 (SIGIO) received
2023/01/16 17:00:28 [notice] 1#1: signal 17 (SIGCHLD) received from 27
2023/01/16 17:00:28 [notice] 1#1: worker process 27 exited with code 0
2023/01/16 17:00:28 [notice] 1#1: exit
2023/01/16 17:07:26 [notice] 1#1: using the "epoll" event method
2023/01/16 17:07:26 [notice] 1#1: nginx/1.23.3
2023/01/16 17:07:26 [notice] 1#1: built by gcc 12.2.1 20220924 (Alpine 12.2.1_git20220924-r4) 
2023/01/16 17:07:26 [notice] 1#1: OS: Linux 5.10.102.1-microsoft-standard-WSL2
2023/01/16 17:07:26 [notice] 1#1: getrlimit(RLIMIT_NOFILE): 1048576:1048576
2023/01/16 17:07:26 [notice] 1#1: start worker processes
2023/01/16 17:07:26 [notice] 1#1: start worker process 19
2023/01/16 17:07:26 [notice] 1#1: start worker process 20
2023/01/16 17:07:26 [notice] 1#1: start worker process 21
2023/01/16 17:07:26 [notice] 1#1: start worker process 22
2023/01/16 17:07:26 [notice] 1#1: start worker process 23
2023/01/16 17:07:26 [notice] 1#1: start worker process 24
2023/01/16 17:07:26 [notice] 1#1: start worker process 25
2023/01/16 17:07:26 [notice] 1#1: start worker process 26
2023/01/16 17:07:43 [notice] 1#1: signal 3 (SIGQUIT) received, shutting down
2023/01/16 17:07:43 [notice] 19#19: gracefully shutting down
2023/01/16 17:07:43 [notice] 20#20: gracefully shutting down
2023/01/16 17:07:43 [notice] 19#19: exiting
2023/01/16 17:07:43 [notice] 21#21: gracefully shutting down
2023/01/16 17:07:43 [notice] 22#22: gracefully shutting down
2023/01/16 17:07:43 [notice] 23#23: gracefully shutting down
2023/01/16 17:07:43 [notice] 24#24: gracefully shutting down
2023/01/16 17:07:43 [notice] 25#25: gracefully shutting down
2023/01/16 17:07:43 [notice] 26#26: gracefully shutting down
2023/01/16 17:07:43 [notice] 20#20: exiting
2023/01/16 17:07:43 [notice] 19#19: exit
2023/01/16 17:07:43 [notice] 21#21: exiting
2023/01/16 17:07:43 [notice] 22#22: exiting
2023/01/16 17:07:43 [notice] 23#23: exiting
2023/01/16 17:07:43 [notice] 24#24: exiting
2023/01/16 17:07:43 [notice] 23#23: exit
2023/01/16 17:07:43 [notice] 25#25: exiting
2023/01/16 17:07:43 [notice] 26#26: exiting
2023/01/16 17:07:43 [notice] 25#25: exit
2023/01/16 17:07:43 [notice] 20#20: exit
2023/01/16 17:07:43 [notice] 21#21: exit
2023/01/16 17:07:43 [notice] 22#22: exit
2023/01/16 17:07:43 [notice] 24#24: exit
2023/01/16 17:07:43 [notice] 26#26: exit
2023/01/16 17:07:43 [notice] 1#1: signal 17 (SIGCHLD) received from 24
2023/01/16 17:07:43 [notice] 1#1: worker process 22 exited with code 0
2023/01/16 17:07:43 [notice] 1#1: worker process 23 exited with code 0
2023/01/16 17:07:43 [notice] 1#1: worker process 24 exited with code 0
2023/01/16 17:07:43 [notice] 1#1: signal 29 (SIGIO) received
2023/01/16 17:07:43 [notice] 1#1: signal 17 (SIGCHLD) received from 25
2023/01/16 17:07:43 [notice] 1#1: worker process 25 exited with code 0
2023/01/16 17:07:43 [notice] 1#1: signal 29 (SIGIO) received
2023/01/16 17:07:43 [notice] 1#1: signal 17 (SIGCHLD) received from 19
2023/01/16 17:07:43 [notice] 1#1: worker process 19 exited with code 0
2023/01/16 17:07:43 [notice] 1#1: signal 29 (SIGIO) received
2023/01/16 17:07:43 [notice] 1#1: signal 17 (SIGCHLD) received from 20
2023/01/16 17:07:43 [notice] 1#1: worker process 20 exited with code 0
2023/01/16 17:07:43 [notice] 1#1: signal 29 (SIGIO) received
2023/01/16 17:07:43 [notice] 1#1: signal 17 (SIGCHLD) received from 21
2023/01/16 17:07:43 [notice] 1#1: worker process 21 exited with code 0
2023/01/16 17:07:43 [notice] 1#1: worker process 26 exited with code 0
2023/01/16 17:07:43 [notice] 1#1: exit
2023/01/16 17:08:01 [notice] 1#1: using the "epoll" event method
2023/01/16 17:08:01 [notice] 1#1: nginx/1.23.3
2023/01/16 17:08:01 [notice] 1#1: built by gcc 12.2.1 20220924 (Alpine 12.2.1_git20220924-r4) 
2023/01/16 17:08:01 [notice] 1#1: OS: Linux 5.10.102.1-microsoft-standard-WSL2
2023/01/16 17:08:01 [notice] 1#1: getrlimit(RLIMIT_NOFILE): 1048576:1048576
2023/01/16 17:08:01 [notice] 1#1: start worker processes
2023/01/16 17:08:01 [notice] 1#1: start worker process 20
2023/01/16 17:08:01 [notice] 1#1: start worker process 21
2023/01/16 17:08:01 [notice] 1#1: start worker process 22
2023/01/16 17:08:01 [notice] 1#1: start worker process 23
2023/01/16 17:08:01 [notice] 1#1: start worker process 24
2023/01/16 17:08:01 [notice] 1#1: start worker process 25
2023/01/16 17:08:01 [notice] 1#1: start worker process 26
2023/01/16 17:08:01 [notice] 1#1: start worker process 27
2023/01/16 17:08:10 [notice] 1#1: signal 3 (SIGQUIT) received, shutting down
2023/01/16 17:08:10 [notice] 20#20: gracefully shutting down
2023/01/16 17:08:10 [notice] 21#21: gracefully shutting down
2023/01/16 17:08:10 [notice] 20#20: exiting
2023/01/16 17:08:10 [notice] 22#22: gracefully shutting down
2023/01/16 17:08:10 [notice] 22#22: exiting
2023/01/16 17:08:10 [notice] 23#23: gracefully shutting down
2023/01/16 17:08:10 [notice] 23#23: exiting
2023/01/16 17:08:10 [notice] 24#24: gracefully shutting down
2023/01/16 17:08:10 [notice] 25#25: gracefully shutting down
2023/01/16 17:08:10 [notice] 26#26: gracefully shutting down
2023/01/16 17:08:10 [notice] 27#27: gracefully shutting down
2023/01/16 17:08:10 [notice] 21#21: exiting
2023/01/16 17:08:10 [notice] 20#20: exit
2023/01/16 17:08:10 [notice] 22#22: exit
2023/01/16 17:08:10 [notice] 23#23: exit
2023/01/16 17:08:10 [notice] 24#24: exiting
2023/01/16 17:08:10 [notice] 25#25: exiting
2023/01/16 17:08:10 [notice] 26#26: exiting
2023/01/16 17:08:10 [notice] 25#25: exit
2023/01/16 17:08:10 [notice] 27#27: exiting
2023/01/16 17:08:10 [notice] 21#21: exit
2023/01/16 17:08:10 [notice] 24#24: exit
2023/01/16 17:08:10 [notice] 26#26: exit
2023/01/16 17:08:10 [notice] 27#27: exit
2023/01/16 17:08:10 [notice] 1#1: signal 17 (SIGCHLD) received from 25
2023/01/16 17:08:10 [notice] 1#1: worker process 25 exited with code 0
2023/01/16 17:08:10 [notice] 1#1: signal 29 (SIGIO) received
2023/01/16 17:08:10 [notice] 1#1: signal 17 (SIGCHLD) received from 26
2023/01/16 17:08:10 [notice] 1#1: worker process 26 exited with code 0
2023/01/16 17:08:10 [notice] 1#1: signal 29 (SIGIO) received
2023/01/16 17:08:10 [notice] 1#1: signal 17 (SIGCHLD) received from 23
2023/01/16 17:08:10 [notice] 1#1: worker process 23 exited with code 0
2023/01/16 17:08:10 [notice] 1#1: signal 29 (SIGIO) received
2023/01/16 17:08:10 [notice] 1#1: signal 17 (SIGCHLD) received from 20
2023/01/16 17:08:10 [notice] 1#1: worker process 20 exited with code 0
2023/01/16 17:08:10 [notice] 1#1: worker process 24 exited with code 0
2023/01/16 17:08:10 [notice] 1#1: worker process 27 exited with code 0
2023/01/16 17:08:10 [notice] 1#1: signal 29 (SIGIO) received
2023/01/16 17:08:10 [notice] 1#1: signal 17 (SIGCHLD) received from 21
2023/01/16 17:08:10 [notice] 1#1: worker process 21 exited with code 0
2023/01/16 17:08:10 [notice] 1#1: signal 29 (SIGIO) received
2023/01/16 17:08:10 [notice] 1#1: signal 17 (SIGCHLD) received from 22
2023/01/16 17:08:10 [notice] 1#1: worker process 22 exited with code 0
2023/01/16 17:08:10 [notice] 1#1: exit
2023/01/16 17:15:10 [notice] 1#1: using the "epoll" event method
2023/01/16 17:15:10 [notice] 1#1: nginx/1.23.3
2023/01/16 17:15:10 [notice] 1#1: built by gcc 12.2.1 20220924 (Alpine 12.2.1_git20220924-r4) 
2023/01/16 17:15:10 [notice] 1#1: OS: Linux 5.10.102.1-microsoft-standard-WSL2
2023/01/16 17:15:10 [notice] 1#1: getrlimit(RLIMIT_NOFILE): 1048576:1048576
2023/01/16 17:15:10 [notice] 1#1: start worker processes
2023/01/16 17:15:10 [notice] 1#1: start worker process 20
2023/01/16 17:15:10 [notice] 1#1: start worker process 21
2023/01/16 17:15:10 [notice] 1#1: start worker process 22
2023/01/16 17:15:10 [notice] 1#1: start worker process 23
2023/01/16 17:15:10 [notice] 1#1: start worker process 24
2023/01/16 17:15:10 [notice] 1#1: start worker process 25
2023/01/16 17:15:10 [notice] 1#1: start worker process 26
2023/01/16 17:15:10 [notice] 1#1: start worker process 27
2023/01/16 17:17:20 [notice] 1#1: signal 3 (SIGQUIT) received, shutting down
2023/01/16 17:17:20 [notice] 20#20: gracefully shutting down
2023/01/16 17:17:20 [notice] 21#21: gracefully shutting down
2023/01/16 17:17:20 [notice] 22#22: gracefully shutting down
2023/01/16 17:17:20 [notice] 23#23: gracefully shutting down
2023/01/16 17:17:20 [notice] 24#24: gracefully shutting down
2023/01/16 17:17:20 [notice] 25#25: gracefully shutting down
2023/01/16 17:17:20 [notice] 26#26: gracefully shutting down
2023/01/16 17:17:20 [notice] 27#27: gracefully shutting down
2023/01/16 17:17:20 [notice] 20#20: exiting
2023/01/16 17:17:20 [notice] 21#21: exiting
2023/01/16 17:17:20 [notice] 22#22: exiting
2023/01/16 17:17:20 [notice] 21#21: exit
2023/01/16 17:17:20 [notice] 23#23: exiting
2023/01/16 17:17:20 [notice] 24#24: exiting
2023/01/16 17:17:20 [notice] 23#23: exit
2023/01/16 17:17:20 [notice] 25#25: exiting
2023/01/16 17:17:20 [notice] 26#26: exiting
2023/01/16 17:17:20 [notice] 25#25: exit
2023/01/16 17:17:20 [notice] 27#27: exiting
2023/01/16 17:17:20 [notice] 20#20: exit
2023/01/16 17:17:20 [notice] 22#22: exit
2023/01/16 17:17:20 [notice] 24#24: exit
2023/01/16 17:17:20 [notice] 26#26: exit
2023/01/16 17:17:20 [notice] 27#27: exit
2023/01/16 17:17:20 [notice] 1#1: signal 17 (SIGCHLD) received from 23
2023/01/16 17:17:20 [notice] 1#1: worker process 23 exited with code 0
2023/01/16 17:17:20 [notice] 1#1: signal 29 (SIGIO) received
2023/01/16 17:17:20 [notice] 1#1: signal 17 (SIGCHLD) received from 24
2023/01/16 17:17:20 [notice] 1#1: worker process 24 exited with code 0
2023/01/16 17:17:20 [notice] 1#1: signal 29 (SIGIO) received
2023/01/16 17:17:20 [notice] 1#1: signal 17 (SIGCHLD) received from 25
2023/01/16 17:17:20 [notice] 1#1: worker process 25 exited with code 0
2023/01/16 17:17:20 [notice] 1#1: signal 29 (SIGIO) received
2023/01/16 17:17:20 [notice] 1#1: signal 17 (SIGCHLD) received from 27
2023/01/16 17:17:20 [notice] 1#1: worker process 21 exited with code 0
2023/01/16 17:17:20 [notice] 1#1: worker process 22 exited with code 0
2023/01/16 17:17:20 [notice] 1#1: worker process 27 exited with code 0
2023/01/16 17:17:20 [notice] 1#1: signal 29 (SIGIO) received
2023/01/16 17:17:20 [notice] 1#1: signal 17 (SIGCHLD) received from 26
2023/01/16 17:17:20 [notice] 1#1: worker process 20 exited with code 0
2023/01/16 17:17:20 [notice] 1#1: worker process 26 exited with code 0
2023/01/16 17:17:20 [notice] 1#1: exit
2023/01/16 17:18:55 [notice] 1#1: using the "epoll" event method
2023/01/16 17:18:55 [notice] 1#1: nginx/1.23.3
2023/01/16 17:18:55 [notice] 1#1: built by gcc 12.2.1 20220924 (Alpine 12.2.1_git20220924-r4) 
2023/01/16 17:18:55 [notice] 1#1: OS: Linux 5.10.102.1-microsoft-standard-WSL2
2023/01/16 17:18:55 [notice] 1#1: getrlimit(RLIMIT_NOFILE): 1048576:1048576
2023/01/16 17:18:55 [notice] 1#1: start worker processes
2023/01/16 17:18:55 [notice] 1#1: start worker process 20
2023/01/16 17:18:55 [notice] 1#1: start worker process 21
2023/01/16 17:18:55 [notice] 1#1: start worker process 22
2023/01/16 17:18:55 [notice] 1#1: start worker process 23
2023/01/16 17:18:55 [notice] 1#1: start worker process 24
2023/01/16 17:18:55 [notice] 1#1: start worker process 25
2023/01/16 17:18:55 [notice] 1#1: start worker process 26
2023/01/16 17:18:55 [notice] 1#1: start worker process 27
2023/01/16 17:38:14 [notice] 1#1: signal 3 (SIGQUIT) received, shutting down
2023/01/16 17:38:14 [notice] 20#20: gracefully shutting down
2023/01/16 17:38:14 [notice] 21#21: gracefully shutting down
2023/01/16 17:38:14 [notice] 23#23: gracefully shutting down
2023/01/16 17:38:14 [notice] 24#24: gracefully shutting down
2023/01/16 17:38:14 [notice] 25#25: gracefully shutting down
2023/01/16 17:38:14 [notice] 26#26: gracefully shutting down
2023/01/16 17:38:14 [notice] 27#27: gracefully shutting down
2023/01/16 17:38:14 [notice] 22#22: gracefully shutting down
2023/01/16 17:38:14 [notice] 20#20: exiting
2023/01/16 17:38:14 [notice] 21#21: exiting
2023/01/16 17:38:14 [notice] 23#23: exiting
2023/01/16 17:38:14 [notice] 24#24: exiting
2023/01/16 17:38:14 [notice] 25#25: exiting
2023/01/16 17:38:14 [notice] 26#26: exiting
2023/01/16 17:38:14 [notice] 27#27: exiting
2023/01/16 17:38:14 [notice] 26#26: exit
2023/01/16 17:38:14 [notice] 22#22: exiting
2023/01/16 17:38:14 [notice] 20#20: exit
2023/01/16 17:38:14 [notice] 21#21: exit
2023/01/16 17:38:14 [notice] 23#23: exit
2023/01/16 17:38:14 [notice] 24#24: exit
2023/01/16 17:38:14 [notice] 25#25: exit
2023/01/16 17:38:14 [notice] 27#27: exit
2023/01/16 17:38:14 [notice] 22#22: exit
2023/01/16 17:38:15 [notice] 1#1: signal 17 (SIGCHLD) received from 24
2023/01/16 17:38:15 [notice] 1#1: worker process 22 exited with code 0
2023/01/16 17:38:15 [notice] 1#1: worker process 23 exited with code 0
2023/01/16 17:38:15 [notice] 1#1: worker process 24 exited with code 0
2023/01/16 17:38:15 [notice] 1#1: signal 29 (SIGIO) received
2023/01/16 17:38:15 [notice] 1#1: signal 17 (SIGCHLD) received from 27
2023/01/16 17:38:15 [notice] 1#1: worker process 27 exited with code 0
2023/01/16 17:38:15 [notice] 1#1: signal 29 (SIGIO) received
2023/01/16 17:38:15 [notice] 1#1: signal 17 (SIGCHLD) received from 21
2023/01/16 17:38:15 [notice] 1#1: worker process 21 exited with code 0
2023/01/16 17:38:15 [notice] 1#1: signal 29 (SIGIO) received
2023/01/16 17:38:15 [notice] 1#1: signal 17 (SIGCHLD) received from 25
2023/01/16 17:38:15 [notice] 1#1: worker process 25 exited with code 0
2023/01/16 17:38:15 [notice] 1#1: worker process 26 exited with code 0
2023/01/16 17:38:15 [notice] 1#1: signal 29 (SIGIO) received
2023/01/16 17:38:15 [notice] 1#1: signal 17 (SIGCHLD) received from 20
2023/01/16 17:38:15 [notice] 1#1: worker process 20 exited with code 0
2023/01/16 17:38:15 [notice] 1#1: exit
2023/01/25 08:48:44 [notice] 1#1: using the "epoll" event method
2023/01/25 08:48:44 [notice] 1#1: nginx/1.23.3
2023/01/25 08:48:44 [notice] 1#1: built by gcc 12.2.1 20220924 (Alpine 12.2.1_git20220924-r4) 
2023/01/25 08:48:44 [notice] 1#1: OS: Linux 5.10.102.1-microsoft-standard-WSL2
2023/01/25 08:48:44 [notice] 1#1: getrlimit(RLIMIT_NOFILE): 1048576:1048576
2023/01/25 08:48:44 [notice] 1#1: start worker processes
2023/01/25 08:48:44 [notice] 1#1: start worker process 20
2023/01/25 08:48:44 [notice] 1#1: start worker process 21
2023/01/25 08:48:44 [notice] 1#1: start worker process 22
2023/01/25 08:48:44 [notice] 1#1: start worker process 23
2023/01/25 08:48:44 [notice] 1#1: start worker process 24
2023/01/25 08:48:44 [notice] 1#1: start worker process 25
2023/01/25 08:48:44 [notice] 1#1: start worker process 26
2023/01/25 08:48:44 [notice] 1#1: start worker process 27
2023/01/25 08:50:42 [notice] 1#1: signal 3 (SIGQUIT) received, shutting down
2023/01/25 08:50:42 [notice] 20#20: gracefully shutting down
2023/01/25 08:50:42 [notice] 27#27: gracefully shutting down
2023/01/25 08:50:42 [notice] 21#21: gracefully shutting down
2023/01/25 08:50:42 [notice] 22#22: gracefully shutting down
2023/01/25 08:50:42 [notice] 23#23: gracefully shutting down
2023/01/25 08:50:42 [notice] 24#24: gracefully shutting down
2023/01/25 08:50:42 [notice] 25#25: gracefully shutting down
2023/01/25 08:50:42 [notice] 26#26: gracefully shutting down
2023/01/25 08:50:42 [notice] 20#20: exiting
2023/01/25 08:50:42 [notice] 27#27: exiting
2023/01/25 08:50:42 [notice] 20#20: exit
2023/01/25 08:50:42 [notice] 21#21: exiting
2023/01/25 08:50:42 [notice] 22#22: exiting
2023/01/25 08:50:42 [notice] 21#21: exit
2023/01/25 08:50:42 [notice] 23#23: exiting
2023/01/25 08:50:42 [notice] 24#24: exiting
2023/01/25 08:50:42 [notice] 25#25: exiting
2023/01/25 08:50:42 [notice] 24#24: exit
2023/01/25 08:50:42 [notice] 26#26: exiting
2023/01/25 08:50:42 [notice] 27#27: exit
2023/01/25 08:50:42 [notice] 22#22: exit
2023/01/25 08:50:42 [notice] 23#23: exit
2023/01/25 08:50:42 [notice] 25#25: exit
2023/01/25 08:50:42 [notice] 26#26: exit
2023/01/25 08:50:42 [notice] 1#1: signal 17 (SIGCHLD) received from 24
2023/01/25 08:50:42 [notice] 1#1: worker process 24 exited with code 0
2023/01/25 08:50:42 [notice] 1#1: signal 29 (SIGIO) received
2023/01/25 08:50:42 [notice] 1#1: signal 17 (SIGCHLD) received from 20
2023/01/25 08:50:42 [notice] 1#1: worker process 20 exited with code 0
2023/01/25 08:50:42 [notice] 1#1: signal 29 (SIGIO) received
2023/01/25 08:50:42 [notice] 1#1: signal 17 (SIGCHLD) received from 23
2023/01/25 08:50:42 [notice] 1#1: worker process 23 exited with code 0
2023/01/25 08:50:42 [notice] 1#1: signal 29 (SIGIO) received
2023/01/25 08:50:42 [notice] 1#1: signal 17 (SIGCHLD) received from 27
2023/01/25 08:50:42 [notice] 1#1: worker process 25 exited with code 0
2023/01/25 08:50:42 [notice] 1#1: worker process 27 exited with code 0
2023/01/25 08:50:42 [notice] 1#1: signal 29 (SIGIO) received
2023/01/25 08:50:42 [notice] 1#1: signal 17 (SIGCHLD) received from 21
2023/01/25 08:50:42 [notice] 1#1: worker process 21 exited with code 0
2023/01/25 08:50:42 [notice] 1#1: signal 29 (SIGIO) received
2023/01/25 08:50:42 [notice] 1#1: signal 17 (SIGCHLD) received from 22
2023/01/25 08:50:42 [notice] 1#1: worker process 22 exited with code 0
2023/01/25 08:50:42 [notice] 1#1: worker process 26 exited with code 0
2023/01/25 08:50:42 [notice] 1#1: exit
2023/01/25 08:51:06 [notice] 1#1: using the "epoll" event method
2023/01/25 08:51:06 [notice] 1#1: nginx/1.23.3
2023/01/25 08:51:06 [notice] 1#1: built by gcc 12.2.1 20220924 (Alpine 12.2.1_git20220924-r4) 
2023/01/25 08:51:06 [notice] 1#1: OS: Linux 5.10.102.1-microsoft-standard-WSL2
2023/01/25 08:51:06 [notice] 1#1: getrlimit(RLIMIT_NOFILE): 1048576:1048576
2023/01/25 08:51:06 [notice] 1#1: start worker processes
2023/01/25 08:51:06 [notice] 1#1: start worker process 20
2023/01/25 08:51:06 [notice] 1#1: start worker process 21
2023/01/25 08:51:06 [notice] 1#1: start worker process 22
2023/01/25 08:51:06 [notice] 1#1: start worker process 23
2023/01/25 08:51:06 [notice] 1#1: start worker process 24
2023/01/25 08:51:06 [notice] 1#1: start worker process 25
2023/01/25 08:51:06 [notice] 1#1: start worker process 26
2023/01/25 08:51:06 [notice] 1#1: start worker process 27
2023/01/25 08:51:22 [notice] 1#1: signal 3 (SIGQUIT) received, shutting down
2023/01/25 08:51:22 [notice] 21#21: gracefully shutting down
2023/01/25 08:51:22 [notice] 20#20: gracefully shutting down
2023/01/25 08:51:22 [notice] 22#22: gracefully shutting down
2023/01/25 08:51:22 [notice] 23#23: gracefully shutting down
2023/01/25 08:51:22 [notice] 24#24: gracefully shutting down
2023/01/25 08:51:22 [notice] 25#25: gracefully shutting down
2023/01/25 08:51:22 [notice] 27#27: gracefully shutting down
2023/01/25 08:51:22 [notice] 26#26: gracefully shutting down
2023/01/25 08:51:22 [notice] 26#26: exiting
2023/01/25 08:51:22 [notice] 21#21: exiting
2023/01/25 08:51:22 [notice] 26#26: exit
2023/01/25 08:51:22 [notice] 20#20: exiting
2023/01/25 08:51:22 [notice] 22#22: exiting
2023/01/25 08:51:22 [notice] 23#23: exiting
2023/01/25 08:51:22 [notice] 24#24: exiting
2023/01/25 08:51:22 [notice] 25#25: exiting
2023/01/25 08:51:22 [notice] 27#27: exiting
2023/01/25 08:51:22 [notice] 21#21: exit
2023/01/25 08:51:22 [notice] 20#20: exit
2023/01/25 08:51:22 [notice] 22#22: exit
2023/01/25 08:51:22 [notice] 23#23: exit
2023/01/25 08:51:22 [notice] 24#24: exit
2023/01/25 08:51:22 [notice] 25#25: exit
2023/01/25 08:51:22 [notice] 27#27: exit
2023/01/25 08:51:22 [notice] 1#1: signal 17 (SIGCHLD) received from 22
2023/01/25 08:51:22 [notice] 1#1: worker process 22 exited with code 0
2023/01/25 08:51:22 [notice] 1#1: signal 29 (SIGIO) received
2023/01/25 08:51:22 [notice] 1#1: signal 17 (SIGCHLD) received from 23
2023/01/25 08:51:22 [notice] 1#1: worker process 23 exited with code 0
2023/01/25 08:51:22 [notice] 1#1: signal 29 (SIGIO) received
2023/01/25 08:51:22 [notice] 1#1: signal 17 (SIGCHLD) received from 27
2023/01/25 08:51:22 [notice] 1#1: worker process 27 exited with code 0
2023/01/25 08:51:22 [notice] 1#1: signal 29 (SIGIO) received
2023/01/25 08:51:22 [notice] 1#1: signal 17 (SIGCHLD) received from 20
2023/01/25 08:51:22 [notice] 1#1: worker process 20 exited with code 0
2023/01/25 08:51:22 [notice] 1#1: worker process 25 exited with code 0
2023/01/25 08:51:22 [notice] 1#1: signal 29 (SIGIO) received
2023/01/25 08:51:23 [notice] 1#1: signal 17 (SIGCHLD) received from 26
2023/01/25 08:51:23 [notice] 1#1: worker process 24 exited with code 0
2023/01/25 08:51:23 [notice] 1#1: worker process 26 exited with code 0
2023/01/25 08:51:23 [notice] 1#1: signal 29 (SIGIO) received
2023/01/25 08:51:23 [notice] 1#1: signal 17 (SIGCHLD) received from 21
2023/01/25 08:51:23 [notice] 1#1: worker process 21 exited with code 0
2023/01/25 08:51:23 [notice] 1#1: exit
2023/01/25 08:52:23 [notice] 1#1: using the "epoll" event method
2023/01/25 08:52:23 [notice] 1#1: nginx/1.23.3
2023/01/25 08:52:23 [notice] 1#1: built by gcc 12.2.1 20220924 (Alpine 12.2.1_git20220924-r4) 
2023/01/25 08:52:23 [notice] 1#1: OS: Linux 5.10.102.1-microsoft-standard-WSL2
2023/01/25 08:52:23 [notice] 1#1: getrlimit(RLIMIT_NOFILE): 1048576:1048576
2023/01/25 08:52:23 [notice] 1#1: start worker processes
2023/01/25 08:52:23 [notice] 1#1: start worker process 20
2023/01/25 08:52:23 [notice] 1#1: start worker process 21
2023/01/25 08:52:23 [notice] 1#1: start worker process 22
2023/01/25 08:52:23 [notice] 1#1: start worker process 23
2023/01/25 08:52:23 [notice] 1#1: start worker process 24
2023/01/25 08:52:23 [notice] 1#1: start worker process 25
2023/01/25 08:52:23 [notice] 1#1: start worker process 26
2023/01/25 08:52:23 [notice] 1#1: start worker process 27
2023/01/25 08:53:29 [notice] 1#1: signal 3 (SIGQUIT) received, shutting down
2023/01/25 08:53:29 [notice] 20#20: gracefully shutting down
2023/01/25 08:53:29 [notice] 21#21: gracefully shutting down
2023/01/25 08:53:29 [notice] 21#21: exiting
2023/01/25 08:53:29 [notice] 22#22: gracefully shutting down
2023/01/25 08:53:29 [notice] 23#23: gracefully shutting down
2023/01/25 08:53:29 [notice] 24#24: gracefully shutting down
2023/01/25 08:53:29 [notice] 25#25: gracefully shutting down
2023/01/25 08:53:29 [notice] 26#26: gracefully shutting down
2023/01/25 08:53:29 [notice] 27#27: gracefully shutting down
2023/01/25 08:53:29 [notice] 20#20: exiting
2023/01/25 08:53:29 [notice] 21#21: exit
2023/01/25 08:53:29 [notice] 22#22: exiting
2023/01/25 08:53:29 [notice] 23#23: exiting
2023/01/25 08:53:29 [notice] 24#24: exiting
2023/01/25 08:53:29 [notice] 25#25: exiting
2023/01/25 08:53:29 [notice] 26#26: exiting
2023/01/25 08:53:29 [notice] 27#27: exiting
2023/01/25 08:53:29 [notice] 20#20: exit
2023/01/25 08:53:29 [notice] 22#22: exit
2023/01/25 08:53:29 [notice] 23#23: exit
2023/01/25 08:53:29 [notice] 24#24: exit
2023/01/25 08:53:29 [notice] 25#25: exit
2023/01/25 08:53:29 [notice] 26#26: exit
2023/01/25 08:53:29 [notice] 27#27: exit
2023/01/25 08:53:29 [notice] 1#1: signal 17 (SIGCHLD) received from 21
2023/01/25 08:53:29 [notice] 1#1: worker process 21 exited with code 0
2023/01/25 08:53:29 [notice] 1#1: signal 29 (SIGIO) received
2023/01/25 08:53:29 [notice] 1#1: signal 17 (SIGCHLD) received from 20
2023/01/25 08:53:29 [notice] 1#1: worker process 20 exited with code 0
2023/01/25 08:53:29 [notice] 1#1: signal 29 (SIGIO) received
2023/01/25 08:53:29 [notice] 1#1: signal 17 (SIGCHLD) received from 23
2023/01/25 08:53:29 [notice] 1#1: worker process 23 exited with code 0
2023/01/25 08:53:29 [notice] 1#1: signal 29 (SIGIO) received
2023/01/25 08:53:29 [notice] 1#1: signal 17 (SIGCHLD) received from 22
2023/01/25 08:53:29 [notice] 1#1: worker process 22 exited with code 0
2023/01/25 08:53:29 [notice] 1#1: worker process 24 exited with code 0
2023/01/25 08:53:29 [notice] 1#1: worker process 25 exited with code 0
2023/01/25 08:53:29 [notice] 1#1: worker process 26 exited with code 0
2023/01/25 08:53:29 [notice] 1#1: signal 29 (SIGIO) received
2023/01/25 08:53:29 [notice] 1#1: signal 17 (SIGCHLD) received from 26
2023/01/25 08:53:29 [notice] 1#1: signal 17 (SIGCHLD) received from 27
2023/01/25 08:53:29 [notice] 1#1: worker process 27 exited with code 0
2023/01/25 08:53:29 [notice] 1#1: exit
2023/01/25 08:53:54 [notice] 1#1: using the "epoll" event method
2023/01/25 08:53:54 [notice] 1#1: nginx/1.23.3
2023/01/25 08:53:54 [notice] 1#1: built by gcc 12.2.1 20220924 (Alpine 12.2.1_git20220924-r4) 
2023/01/25 08:53:54 [notice] 1#1: OS: Linux 5.10.102.1-microsoft-standard-WSL2
2023/01/25 08:53:54 [notice] 1#1: getrlimit(RLIMIT_NOFILE): 1048576:1048576
2023/01/25 08:53:54 [notice] 1#1: start worker processes
2023/01/25 08:53:54 [notice] 1#1: start worker process 20
2023/01/25 08:53:54 [notice] 1#1: start worker process 21
2023/01/25 08:53:54 [notice] 1#1: start worker process 22
2023/01/25 08:53:54 [notice] 1#1: start worker process 23
2023/01/25 08:53:54 [notice] 1#1: start worker process 24
2023/01/25 08:53:54 [notice] 1#1: start worker process 25
2023/01/25 08:53:54 [notice] 1#1: start worker process 26
2023/01/25 08:53:54 [notice] 1#1: start worker process 27
2023/01/25 13:39:16 [notice] 1#1: signal 3 (SIGQUIT) received, shutting down
2023/01/25 13:39:17 [notice] 20#20: gracefully shutting down
2023/01/25 13:39:17 [notice] 25#25: gracefully shutting down
2023/01/25 13:39:17 [notice] 23#23: gracefully shutting down
2023/01/25 13:39:17 [notice] 21#21: gracefully shutting down
2023/01/25 13:39:17 [notice] 24#24: gracefully shutting down
2023/01/25 13:39:17 [notice] 22#22: gracefully shutting down
2023/01/25 13:39:17 [notice] 26#26: gracefully shutting down
2023/01/25 13:39:17 [notice] 24#24: exiting
2023/01/25 13:39:17 [notice] 27#27: gracefully shutting down
2023/01/25 13:39:17 [notice] 21#21: exiting
2023/01/25 13:39:17 [notice] 26#26: exiting
2023/01/25 13:39:17 [notice] 20#20: exiting
2023/01/25 13:39:17 [notice] 22#22: exiting
2023/01/25 13:39:17 [notice] 25#25: exiting
2023/01/25 13:39:17 [notice] 23#23: exiting
2023/01/25 13:39:17 [notice] 27#27: exiting
2023/01/25 13:39:17 [notice] 27#27: exit
2023/01/25 13:39:17 [notice] 21#21: exit
2023/01/25 13:39:17 [notice] 26#26: exit
2023/01/25 13:39:17 [notice] 24#24: exit
2023/01/25 13:39:17 [notice] 23#23: exit
2023/01/25 13:39:17 [notice] 20#20: exit
2023/01/25 13:39:17 [notice] 22#22: exit
2023/01/25 13:39:17 [notice] 25#25: exit
2023/01/25 13:39:17 [notice] 1#1: signal 17 (SIGCHLD) received from 22
2023/01/25 13:39:17 [notice] 1#1: worker process 22 exited with code 0
2023/01/25 13:39:17 [notice] 1#1: worker process 20 exited with code 0
2023/01/25 13:39:17 [notice] 1#1: signal 29 (SIGIO) received
2023/01/25 13:39:17 [notice] 1#1: signal 17 (SIGCHLD) received from 20
2023/01/25 13:39:17 [notice] 1#1: signal 17 (SIGCHLD) received from 23
2023/01/25 13:39:17 [notice] 1#1: worker process 23 exited with code 0
2023/01/25 13:39:17 [notice] 1#1: signal 29 (SIGIO) received
2023/01/25 13:39:17 [notice] 1#1: signal 17 (SIGCHLD) received from 26
2023/01/25 13:39:17 [notice] 1#1: worker process 26 exited with code 0
2023/01/25 13:39:17 [notice] 1#1: signal 29 (SIGIO) received
2023/01/25 13:39:17 [notice] 1#1: signal 17 (SIGCHLD) received from 21
2023/01/25 13:39:17 [notice] 1#1: worker process 21 exited with code 0
2023/01/25 13:39:17 [notice] 1#1: signal 29 (SIGIO) received
2023/01/25 13:39:17 [notice] 1#1: signal 17 (SIGCHLD) received from 27
2023/01/25 13:39:17 [notice] 1#1: worker process 27 exited with code 0
2023/01/25 13:39:17 [notice] 1#1: signal 29 (SIGIO) received
2023/01/25 13:39:17 [notice] 1#1: signal 17 (SIGCHLD) received from 24
2023/01/25 13:39:17 [notice] 1#1: worker process 24 exited with code 0
2023/01/25 13:39:17 [notice] 1#1: signal 29 (SIGIO) received
2023/01/25 13:39:17 [notice] 1#1: signal 17 (SIGCHLD) received from 25
2023/01/25 13:39:17 [notice] 1#1: worker process 25 exited with code 0
2023/01/25 13:39:17 [notice] 1#1: exit
