C:\Users\smahel\source\repos\cisDLPDocker\app\src\common.js
C:\Users\smahel\source\repos\cisDLPDocker\app\src\common.js.map
C:\Users\smahel\source\repos\cisDLPDocker\app\src\routers\cissukl_organizace_router.js
C:\Users\smahel\source\repos\cisDLPDocker\app\src\routers\cissukl_organizace_router.js.map
C:\Users\smahel\source\repos\cisDLPDocker\app\src\routers\cissukl_reg_cisla_router.js
C:\Users\smahel\source\repos\cisDLPDocker\app\src\routers\cissukl_reg_cisla_router.js.map
C:\Users\smahel\source\repos\cisDLPDocker\app\src\routers\cissukl_ciselniky_router.js
C:\Users\smahel\source\repos\cisDLPDocker\app\src\routers\cissukl_ciselniky_router.js.map
C:\Users\smahel\source\repos\cisDLPDocker\app\src\routers\cissukl_lekarny_router.js
C:\Users\smahel\source\repos\cisDLPDocker\app\src\routers\cissukl_lekarny_router.js.map
C:\Users\smahel\source\repos\cisDLPDocker\app\src\routers\cissukl_lp_router.js
C:\Users\smahel\source\repos\cisDLPDocker\app\src\routers\cissukl_lp_router.js.map
C:\Users\smahel\source\repos\cisDLPDocker\app\src\routers\cissukl_dis13_router.js
C:\Users\smahel\source\repos\cisDLPDocker\app\src\routers\cissukl_dis13_router.js.map
C:\Users\smahel\source\repos\cisDLPDocker\app\src\routers\cissukl_scau_router.js
C:\Users\smahel\source\repos\cisDLPDocker\app\src\routers\cissukl_scau_router.js.map
C:\Users\smahel\source\repos\cisDLPDocker\app\src\routers\cissukl_cp_router.js
C:\Users\smahel\source\repos\cisDLPDocker\app\src\routers\cissukl_cp_router.js.map
C:\Users\smahel\source\repos\cisDLPDocker\app\src\routers\cissukl_pk_router.js
C:\Users\smahel\source\repos\cisDLPDocker\app\src\routers\cissukl_pk_router.js.map
C:\Users\smahel\source\repos\cisDLPDocker\app\src\routers\cissukl_lp_sod_router.js
C:\Users\smahel\source\repos\cisDLPDocker\app\src\routers\cissukl_lp_sod_router.js.map
C:\Users\smahel\source\repos\cisDLPDocker\app\src\routers\cissukl_lp_naz2_router.js
C:\Users\smahel\source\repos\cisDLPDocker\app\src\routers\cissukl_lp_naz2_router.js.map
C:\Users\smahel\source\repos\cisDLPDocker\app\src\routers\cissukl_lp_bwl_router.js
C:\Users\smahel\source\repos\cisDLPDocker\app\src\routers\cissukl_lp_bwl_router.js.map
C:\Users\smahel\source\repos\cisDLPDocker\app\src\routers\cissukl_cdnu_router.js
C:\Users\smahel\source\repos\cisDLPDocker\app\src\routers\cissukl_cdnu_router.js.map
C:\Users\smahel\source\repos\cisDLPDocker\app\src\routers\cissukl_archiv_router.js
C:\Users\smahel\source\repos\cisDLPDocker\app\src\routers\cissukl_archiv_router.js.map
C:\Users\smahel\source\repos\cisDLPDocker\app\src\routers\cissukl_distributori_router.js
C:\Users\smahel\source\repos\cisDLPDocker\app\src\routers\cissukl_distributori_router.js.map
C:\Users\smahel\source\repos\cisDLPDocker\app\app.js
C:\Users\smahel\source\repos\cisDLPDocker\app\app.js.map
C:\Users\smahel\source\repos\cisDLPDocker\app\src\routers\cissukl_router.js
C:\Users\smahel\source\repos\cisDLPDocker\app\src\routers\cissukl_router.js.map
